<?xml version="1.0" encoding="UTF-8"?>
<!-- Generated by org.testng.reporters.JUnitXMLReporter -->
<testsuite hostname="USER-Komputer" name="Default test" tests="2" failures="0" timestamp="2 Nov 2012 00:10:10 GMT" time="0.221" errors="0">
  <testcase name="executeColorChange" time="0.024" classname="color.exchange.engine.test.ColorChangeTest"/>
  <testcase name="executorCreateTest" time="0.0030" classname="color.exchange.engine.test.ColorChangeTest">
    <skipped/>
  </testcase> <!-- executorCreateTest -->
</testsuite> <!-- Default test -->
